Flutter crash report.
Please report a bug at https://github.com/flutter/flutter/issues.

## command

flutter pub get

## exception

FileSystemException: FileSystemException: Failed to decode data using encoding 'utf-8', path = 'C:\src\flutter_projects\agro_app\android\gradle.properties'

```
#0      _File._tryDecode (dart:io/file_impl.dart:708:7)
#1      _File.readAsStringSync (dart:io/file_impl.dart:719:7)
#2      ForwardingFile.readAsStringSync (package:file/src/forwarding/forwarding_file.dart:99:16)
#3      ErrorHandlingFile.readAsStringSync.<anonymous closure> (package:flutter_tools/src/base/error_handling_io.dart:212:22)
#4      _runSync (package:flutter_tools/src/base/error_handling_io.dart:552:14)
#5      ErrorHandlingFile.readAsStringSync (package:flutter_tools/src/base/error_handling_io.dart:211:12)
#6      isAppUsingAndroidX (package:flutter_tools/src/android/gradle.dart:1093:21)
#7      _writeAndroidPluginRegistrant (package:flutter_tools/src/flutter_plugins.dart:444:17)
#8      injectPlugins (package:flutter_tools/src/flutter_plugins.dart:1272:11)
<asynchronous suspension>
#9      FlutterProject.ensureReadyForPlatformSpecificTooling (package:flutter_tools/src/project.dart:395:5)
<asynchronous suspension>
#10     PackagesGetCommand.runCommand (package:flutter_tools/src/commands/packages.dart:395:9)
<asynchronous suspension>
#11     FlutterCommand.run.<anonymous closure> (package:flutter_tools/src/runner/flutter_command.dart:1581:27)
<asynchronous suspension>
#12     AppContext.run.<anonymous closure> (package:flutter_tools/src/base/context.dart:154:19)
<asynchronous suspension>
#13     CommandRunner.runCommand (package:args/command_runner.dart:212:13)
<asynchronous suspension>
#14     FlutterCommandRunner.runCommand.<anonymous closure> (package:flutter_tools/src/runner/flutter_command_runner.dart:503:9)
<asynchronous suspension>
#15     AppContext.run.<anonymous closure> (package:flutter_tools/src/base/context.dart:154:19)
<asynchronous suspension>
#16     FlutterCommandRunner.runCommand (package:flutter_tools/src/runner/flutter_command_runner.dart:438:5)
<asynchronous suspension>
#17     run.<anonymous closure>.<anonymous closure> (package:flutter_tools/runner.dart:98:11)
<asynchronous suspension>
#18     AppContext.run.<anonymous closure> (package:flutter_tools/src/base/context.dart:154:19)
<asynchronous suspension>
#19     main (package:flutter_tools/executable.dart:101:3)
<asynchronous suspension>
```

## flutter doctor

```
[32m[✓][39m Flutter (Channel stable, 3.35.4, on Microsoft Windows [Versi¢n 10.0.19044.1151], locale es-MX) [220ms]
    [32m•[39m Flutter version 3.35.4 on channel stable at C:\src\flutter
    [32m•[39m Upstream repository https://github.com/flutter/flutter.git
    [32m•[39m Framework revision d693b4b9db (13 days ago), 2025-09-16 14:27:41 +0000
    [32m•[39m Engine revision c298091351
    [32m•[39m Dart version 3.9.2
    [32m•[39m DevTools version 2.48.0
    [32m•[39m Feature flags: enable-web, enable-linux-desktop, enable-macos-desktop, enable-windows-desktop, enable-android, enable-ios, cli-animations, enable-lldb-debugging

[32m[✓][39m Windows Version (10 Pro 64 bits, 21H2, 2009) [628ms]

[32m[✓][39m Android toolchain - develop for Android devices (Android SDK version 36.1.0) [1,624ms]
    [32m•[39m Android SDK at C:\Android\sdk
    [32m•[39m Emulator version 36.1.9.0 (build_id 13823996) (CL:N/A)
    [32m•[39m Platform android-36.1, build-tools 36.1.0
    [32m•[39m ANDROID_HOME = C:\Android\sdk
    [32m•[39m Java binary at: C:\Program Files\Android\Android Studio\jbr\bin\java
      This is the JDK bundled with the latest Android Studio installation on this machine.
      To manually set the JDK path, use: `flutter config --jdk-dir="path/to/jdk"`.
    [32m•[39m Java version OpenJDK Runtime Environment (build 21.0.7+-13880790-b1038.58)
    [32m•[39m All Android licenses accepted.

[32m[✓][39m Chrome - develop for the web [11ms]
    [32m•[39m Chrome at C:\Program Files\Google\Chrome\Application\chrome.exe

[31m[✗][39m Visual Studio - develop Windows apps [10ms]
    [31m✗[39m Visual Studio not installed; this is necessary to develop Windows apps.
      Download at https://visualstudio.microsoft.com/downloads/.
      Please install the "Desktop development with C++" workload, including all of its default components

[32m[✓][39m Android Studio (version 2025.1.3) [8ms]
    [32m•[39m Android Studio at C:\Program Files\Android\Android Studio
    [32m•[39m Flutter plugin can be installed from:
      🔨 https://plugins.jetbrains.com/plugin/9212-flutter
    [32m•[39m Dart plugin can be installed from:
      🔨 https://plugins.jetbrains.com/plugin/6351-dart
    [32m•[39m Java version OpenJDK Runtime Environment (build 21.0.7+-13880790-b1038.58)

[32m[✓][39m VS Code (version 1.104.1) [5ms]
    [32m•[39m VS Code at C:\Users\Home 2021\AppData\Local\Programs\Microsoft VS Code
    [32m•[39m Flutter extension can be installed from:
      🔨 https://marketplace.visualstudio.com/items?itemName=Dart-Code.flutter

[32m[✓][39m Connected device (3 available) [264ms]
    [32m•[39m sdk gphone64 x86 64 (mobile) • emulator-5554 • android-x64    • Android 16 (API 36) (emulator)
    [32m•[39m Windows (desktop)            • windows       • windows-x64    • Microsoft Windows [Versi¢n 10.0.19044.1151]
    [32m•[39m Chrome (web)                 • chrome        • web-javascript • Google Chrome 140.0.7339.208

[32m[✓][39m Network resources [514ms]
    [32m•[39m All expected network resources are available.

[33m![39m Doctor found issues in 1 category.
```
